<?xml version="1.0" encoding="UTF-8"?>
<!-- Generated by org.testng.reporters.JUnitReportReporter -->
<testsuite hostname="DESKTOP-EJTJG9I" name="FRCase.Login" tests="4" failures="0" timestamp="5 Aug 2018 02:43:48 GMT" time="30.242" errors="0">
  <testcase name="testA" time="8.341" classname="FRCase.Login"/>
  <testcase name="testA" time="7.280" classname="FRCase.Login"/>
  <testcase name="testA" time="7.298" classname="FRCase.Login"/>
  <testcase name="testA" time="7.323" classname="FRCase.Login"/>
</testsuite> <!-- FRCase.Login -->
